<?xml version="1.0" encoding="UTF-8"?>
<testng-results ignored="0" total="1" passed="1" failed="0" skipped="0">
  <reporter-output>
  </reporter-output>
  <suite started-at="2023-11-09T18:19:06 IST" name="Default suite" finished-at="2023-11-09T18:19:24 IST" duration-ms="17777">
    <groups>
    </groups>
    <test started-at="2023-11-09T18:19:06 IST" name="Default test" finished-at="2023-11-09T18:19:24 IST" duration-ms="17777">
      <class name="com.TestArea.TestEngine">
        <test-method signature="testEngnine()[pri:0, instance:com.TestArea.TestEngine@2d7275fc]" started-at="2023-11-09T18:19:06 IST" name="testEngnine" finished-at="2023-11-09T18:19:24 IST" duration-ms="17727" status="PASS">
          <reporter-output>
          </reporter-output>
        </test-method> <!-- testEngnine -->
      </class> <!-- com.TestArea.TestEngine -->
    </test> <!-- Default test -->
  </suite> <!-- Default suite -->
</testng-results>
