<?xml version="1.0" encoding="UTF-8"?>
<testng-results ignored="0" total="2" passed="2" failed="0" skipped="0">
  <reporter-output>
  </reporter-output>
  <suite started-at="2023-11-17T14:47:25 IST" name="Default suite" finished-at="2023-11-17T14:47:45 IST" duration-ms="20083">
    <groups>
    </groups>
    <test started-at="2023-11-17T14:47:25 IST" name="Default test" finished-at="2023-11-17T14:47:45 IST" duration-ms="20083">
      <class name="com.TestArea.TestEngine">
        <test-method signature="testEngnineOne()[pri:0, instance:com.TestArea.TestEngine@8f4ea7c]" started-at="2023-11-17T14:47:25 IST" name="testEngnineOne" finished-at="2023-11-17T14:47:35 IST" duration-ms="10072" status="PASS">
          <reporter-output>
          </reporter-output>
        </test-method> <!-- testEngnineOne -->
        <test-method signature="testEngnineTwo()[pri:0, instance:com.TestArea.TestEngine@8f4ea7c]" started-at="2023-11-17T14:47:35 IST" name="testEngnineTwo" finished-at="2023-11-17T14:47:45 IST" duration-ms="9964" status="PASS">
          <reporter-output>
          </reporter-output>
        </test-method> <!-- testEngnineTwo -->
      </class> <!-- com.TestArea.TestEngine -->
    </test> <!-- Default test -->
  </suite> <!-- Default suite -->
</testng-results>
